#! /usr/local/bin/vvp
:ivl_version "0.10.0 (devel)" "(s20141205-297-gba31252)";
:ivl_delay_selection "TYPICAL";
:vpi_time_precision + 0;
:vpi_module "system";
:vpi_module "vhdl_sys";
:vpi_module "v2005_math";
:vpi_module "va_math";
S_0x7fb931d03670 .scope module, "register" "register" 2 1;
 .timescale 0 0;
    .port_info 0 /INPUT 5 "write_addr"
    .port_info 1 /INPUT 32 "write_data"
    .port_info 2 /INPUT 5 "read_addr1"
    .port_info 3 /OUTPUT 32 "read_data1"
    .port_info 4 /INPUT 5 "read_addr2"
    .port_info 5 /OUTPUT 32 "read_data2"
    .port_info 6 /INPUT 1 "write"
    .port_info 7 /INPUT 1 "clk"
L_0x7fb931d1a990 .functor BUFZ 32, L_0x7fb931d1a7a0, C4<00000000000000000000000000000000>, C4<00000000000000000000000000000000>, C4<00000000000000000000000000000000>;
L_0x7fb931d1ac60 .functor BUFZ 32, L_0x7fb931d1aa40, C4<00000000000000000000000000000000>, C4<00000000000000000000000000000000>, C4<00000000000000000000000000000000>;
v0x7fb931d09f60_0 .net *"_s0", 31 0, L_0x7fb931d1a7a0;  1 drivers
v0x7fb931d19c80_0 .net *"_s10", 6 0, L_0x7fb931d1ab10;  1 drivers
L_0x1095aa050 .functor BUFT 1, C4<00>, C4<0>, C4<0>, C4<0>;
v0x7fb931d19d20_0 .net *"_s13", 1 0, L_0x1095aa050;  1 drivers
v0x7fb931d19dd0_0 .net *"_s2", 6 0, L_0x7fb931d1a860;  1 drivers
L_0x1095aa008 .functor BUFT 1, C4<00>, C4<0>, C4<0>, C4<0>;
v0x7fb931d19e80_0 .net *"_s5", 1 0, L_0x1095aa008;  1 drivers
v0x7fb931d19f70_0 .net *"_s8", 31 0, L_0x7fb931d1aa40;  1 drivers
o0x109578128 .functor BUFZ 1, C4<z>; HiZ drive
v0x7fb931d1a020_0 .net "clk", 0 0, o0x109578128;  0 drivers
v0x7fb931d1a0c0_0 .var "k", 0 0;
o0x109578188 .functor BUFZ 5, C4<zzzzz>; HiZ drive
v0x7fb931d1a160_0 .net "read_addr1", 4 0, o0x109578188;  0 drivers
o0x1095781b8 .functor BUFZ 5, C4<zzzzz>; HiZ drive
v0x7fb931d1a270_0 .net "read_addr2", 4 0, o0x1095781b8;  0 drivers
v0x7fb931d1a320_0 .net "read_data1", 31 0, L_0x7fb931d1a990;  1 drivers
v0x7fb931d1a3d0_0 .net "read_data2", 31 0, L_0x7fb931d1ac60;  1 drivers
v0x7fb931d1a480 .array "registers", 31 0, 31 0;
o0x109578248 .functor BUFZ 1, C4<z>; HiZ drive
v0x7fb931d1a520_0 .net "write", 0 0, o0x109578248;  0 drivers
o0x109578278 .functor BUFZ 5, C4<zzzzz>; HiZ drive
v0x7fb931d1a5c0_0 .net "write_addr", 4 0, o0x109578278;  0 drivers
o0x1095782a8 .functor BUFZ 32, C4<zzzzzzzzzzzzzzzzzzzzzzzzzzzzzzzz>; HiZ drive
v0x7fb931d1a670_0 .net "write_data", 31 0, o0x1095782a8;  0 drivers
E_0x7fb931d047f0 .event posedge, v0x7fb931d1a020_0;
L_0x7fb931d1a7a0 .array/port v0x7fb931d1a480, L_0x7fb931d1a860;
L_0x7fb931d1a860 .concat [ 5 2 0 0], o0x109578188, L_0x1095aa008;
L_0x7fb931d1aa40 .array/port v0x7fb931d1a480, L_0x7fb931d1ab10;
L_0x7fb931d1ab10 .concat [ 5 2 0 0], o0x1095781b8, L_0x1095aa050;
    .scope S_0x7fb931d03670;
T_0 ;
    %pushi/vec4 0, 0, 1;
    %store/vec4 v0x7fb931d1a0c0_0, 0, 1;
T_0.0 ;
    %load/vec4 v0x7fb931d1a0c0_0;
    %pad/u 32;
    %cmpi/u 32, 0, 32;
    %jmp/0xz T_0.1, 5;
    %pushi/vec4 0, 0, 32;
    %load/vec4 v0x7fb931d1a0c0_0;
    %pad/u 7;
    %ix/vec4 4;
    %store/vec4a v0x7fb931d1a480, 4, 0;
    %load/vec4 v0x7fb931d1a0c0_0;
    %pad/u 2;
    %addi 1, 0, 2;
    %pad/u 1;
    %store/vec4 v0x7fb931d1a0c0_0, 0, 1;
    %jmp T_0.0;
T_0.1 ;
    %end;
    .thread T_0;
    .scope S_0x7fb931d03670;
T_1 ;
    %wait E_0x7fb931d047f0;
    %load/vec4 v0x7fb931d1a520_0;
    %flag_set/vec4 8;
    %jmp/0xz  T_1.0, 8;
    %load/vec4 v0x7fb931d1a670_0;
    %load/vec4 v0x7fb931d1a5c0_0;
    %pad/u 7;
    %ix/vec4 4;
    %store/vec4a v0x7fb931d1a480, 4, 0;
T_1.0 ;
    %jmp T_1;
    .thread T_1;
# The file index is used to find the file name in the following table.
:file_names 3;
    "N/A";
    "<interactive>";
    "register.v";
